<?xml version="1.0" encoding="UTF-8"?>
<!-- Generated by org.testng.reporters.JUnitReportReporter -->
<testsuite skipped="0" hostname="LAPTOP-OAOM2727" name="com.dd.qa.selenium.Singleton_FreeCRMTest" tests="2" failures="0" timestamp="01 Oct 2018 11:27:55 GMT" time="184.494" errors="0">
  <testcase name="validateLoginPageTitle" time="126.622" classname="com.dd.qa.selenium.Singleton_FreeCRMTest"/>
  <testcase name="validateLogo" time="57.872" classname="com.dd.qa.selenium.Singleton_FreeCRMTest"/>
</testsuite> <!-- com.dd.qa.selenium.Singleton_FreeCRMTest -->
